<?xml version="1.0" encoding="UTF-8"?>
<robot generator="Robot 6.0.1 (Python 3.10.9 on darwin)" generated="20230112 00:38:31.767" rpa="false" schemaversion="3">
<suite id="s1" name="UsuariosAPI" source="/Users/johnnykamigashima/Documents/Automacao/Robot Framework/Lojinha/Tests/API/UsuariosAPI.robot">
<test id="s1-t1" name="Cria um usuario novo" line="10">
<kw name="Create Session" library="RequestsLibrary" type="SETUP">
<arg>sessao</arg>
<arg>${BaseURI}/${basePath}</arg>
<doc>Create Session: create a HTTP session to a server</doc>
<msg timestamp="20230112 00:38:31.961" level="INFO">Creating Session using : alias=sessao, url=http://165.227.93.41/lojinha, headers={},                     cookies={}, auth=None, timeout=None, proxies=None, verify=False,                     debug=0 </msg>
<status status="PASS" starttime="20230112 00:38:31.961" endtime="20230112 00:38:31.962"/>
</kw>
<kw name="Name" library="FakerLibrary">
<var>${usuario.nome}</var>
<doc>:example 'John Doe'</doc>
<msg timestamp="20230112 00:38:31.963" level="INFO">${usuario.nome} = Miguel Souza</msg>
<status status="PASS" starttime="20230112 00:38:31.962" endtime="20230112 00:38:31.963"/>
</kw>
<kw name="User Name" library="FakerLibrary">
<var>${usuario.usuario}</var>
<msg timestamp="20230112 00:38:31.964" level="INFO">${usuario.usuario} = luanamoraes</msg>
<status status="PASS" starttime="20230112 00:38:31.963" endtime="20230112 00:38:31.964"/>
</kw>
<kw name="Password" library="FakerLibrary">
<var>${usuario.password}</var>
<doc>Generate a random password of the specified ``length``.</doc>
<msg timestamp="20230112 00:38:31.964" level="INFO">${usuario.password} = dul)K#I$$0</msg>
<status status="PASS" starttime="20230112 00:38:31.964" endtime="20230112 00:38:31.964"/>
</kw>
<kw name="Create Dictionary" library="BuiltIn">
<var>${cabecalho}</var>
<arg>Content-Type=application/json</arg>
<doc>Creates and returns a dictionary based on the given ``items``.</doc>
<msg timestamp="20230112 00:38:31.964" level="INFO">${cabecalho} = {'Content-Type': 'application/json'}</msg>
<status status="PASS" starttime="20230112 00:38:31.964" endtime="20230112 00:38:31.964"/>
</kw>
<kw name="Catenate" library="BuiltIn">
<var>${corpo}</var>
<arg>{</arg>
<arg>"usuarioNome":</arg>
<arg>"${usuario.nome}",</arg>
<arg>"usuarioLogin": "${usuario.usuario}",</arg>
<arg>"usuarioSenha": "${usuario.password}"</arg>
<arg>}</arg>
<doc>Catenates the given items together and returns the resulted string.</doc>
<msg timestamp="20230112 00:38:31.965" level="INFO">${corpo} = { "usuarioNome": "Miguel Souza", "usuarioLogin": "luanamoraes", "usuarioSenha": "dul)K#I$$0" }</msg>
<status status="PASS" starttime="20230112 00:38:31.965" endtime="20230112 00:38:31.965"/>
</kw>
<kw name="POST On Session" library="RequestsLibrary">
<var>${response}</var>
<arg>sessao</arg>
<arg>${caminhoUsuarios}</arg>
<arg>data=${corpo}</arg>
<arg>headers=${cabecalho}</arg>
<doc>Sends a POST request on a previously created HTTP Session.</doc>
<msg timestamp="20230112 00:38:32.295" level="INFO">POST Request : url=http://165.227.93.41/lojinha/v2/usuarios 
 path_url=/lojinha/v2/usuarios 
 headers={'User-Agent': 'python-requests/2.28.1', 'Accept-Encoding': 'gzip, deflate', 'Accept': '*/*', 'Connection': 'keep-alive', 'Content-Type': 'application/json', 'Content-Length': '94'} 
 body={ "usuarioNome": "Miguel Souza", "usuarioLogin": "luanamoraes", "usuarioSenha": "dul)K#I$$0" } 
 </msg>
<msg timestamp="20230112 00:38:32.296" level="INFO">POST Response : url=http://165.227.93.41/lojinha/v2/usuarios 
 status=409, reason=Conflict 
 headers={'Date': 'Thu, 12 Jan 2023 03:38:32 GMT', 'Server': 'Apache/2.4.29 (Ubuntu)', 'Content-Length': '77', 'Keep-Alive': 'timeout=5, max=100', 'Connection': 'Keep-Alive', 'Content-Type': 'application/json'} 
 body={"data":[],"message":"","error":"O usu\u00e1rio luanamoraes j\u00e1 existe."} 
 </msg>
<msg timestamp="20230112 00:38:32.296" level="FAIL">HTTPError: 409 Client Error: Conflict for url: http://165.227.93.41/lojinha/v2/usuarios</msg>
<status status="FAIL" starttime="20230112 00:38:31.965" endtime="20230112 00:38:32.299"/>
</kw>
<kw name="Convert To String" library="BuiltIn">
<var>${status_code}</var>
<arg>${response.status_code}</arg>
<doc>Converts the given item to a Unicode string.</doc>
<status status="NOT RUN" starttime="20230112 00:38:32.299" endtime="20230112 00:38:32.299"/>
</kw>
<kw name="Should Be Equal" library="BuiltIn">
<arg>${status_code}</arg>
<arg>201</arg>
<doc>Fails if the given objects are unequal.</doc>
<status status="NOT RUN" starttime="20230112 00:38:32.300" endtime="20230112 00:38:32.300"/>
</kw>
<kw name="Catenate" library="BuiltIn">
<var>${corpo}</var>
<arg>{</arg>
<arg>"usuarioLogin": "${usuario.usuario}",</arg>
<arg>"usuarioSenha": "${usuario.password}"</arg>
<arg>}</arg>
<doc>Catenates the given items together and returns the resulted string.</doc>
<status status="NOT RUN" starttime="20230112 00:38:32.300" endtime="20230112 00:38:32.300"/>
</kw>
<kw name="POST On Session" library="RequestsLibrary">
<var>${response}</var>
<arg>sessao</arg>
<arg>${caminhoLogin}</arg>
<arg>data=${corpo}</arg>
<arg>headers=${cabecalho}</arg>
<doc>Sends a POST request on a previously created HTTP Session.</doc>
<status status="NOT RUN" starttime="20230112 00:38:32.300" endtime="20230112 00:38:32.300"/>
</kw>
<kw name="Convert To String" library="BuiltIn">
<var>${status_code}</var>
<arg>${response.status_code}</arg>
<doc>Converts the given item to a Unicode string.</doc>
<status status="NOT RUN" starttime="20230112 00:38:32.300" endtime="20230112 00:38:32.301"/>
</kw>
<kw name="Set Variable" library="BuiltIn">
<var>${token}</var>
<arg>${response.json()['data']['token']}</arg>
<doc>Returns the given values which can then be assigned to a variables.</doc>
<status status="NOT RUN" starttime="20230112 00:38:32.301" endtime="20230112 00:38:32.301"/>
</kw>
<kw name="Should Be Equal" library="BuiltIn">
<arg>${status_code}</arg>
<arg>200</arg>
<doc>Fails if the given objects are unequal.</doc>
<status status="NOT RUN" starttime="20230112 00:38:32.301" endtime="20230112 00:38:32.301"/>
</kw>
<kw name="Create Dictionary" library="BuiltIn">
<var>${cabecalho}</var>
<arg>Content-Type=application/json</arg>
<arg>token=${token}</arg>
<doc>Creates and returns a dictionary based on the given ``items``.</doc>
<status status="NOT RUN" starttime="20230112 00:38:32.301" endtime="20230112 00:38:32.301"/>
</kw>
<kw name="DELETE On Session" library="RequestsLibrary">
<var>${response}</var>
<arg>sessao</arg>
<arg>${caminhoDados}</arg>
<arg>headers=${cabecalho}</arg>
<doc>Sends a DELETE request on a previously created HTTP Session.</doc>
<status status="NOT RUN" starttime="20230112 00:38:32.301" endtime="20230112 00:38:32.302"/>
</kw>
<kw name="Convert To String" library="BuiltIn">
<var>${status_code}</var>
<arg>${response.status_code}</arg>
<doc>Converts the given item to a Unicode string.</doc>
<status status="NOT RUN" starttime="20230112 00:38:32.302" endtime="20230112 00:38:32.302"/>
</kw>
<kw name="Should Be Equal" library="BuiltIn">
<arg>${status_code}</arg>
<arg>204</arg>
<doc>Fails if the given objects are unequal.</doc>
<status status="NOT RUN" starttime="20230112 00:38:32.302" endtime="20230112 00:38:32.302"/>
</kw>
<status status="FAIL" starttime="20230112 00:38:31.961" endtime="20230112 00:38:32.302">HTTPError: 409 Client Error: Conflict for url: http://165.227.93.41/lojinha/v2/usuarios</status>
</test>
<status status="FAIL" starttime="20230112 00:38:31.768" endtime="20230112 00:38:32.303"/>
</suite>
<statistics>
<total>
<stat pass="0" fail="1" skip="0">All Tests</stat>
</total>
<tag>
</tag>
<suite>
<stat pass="0" fail="1" skip="0" id="s1" name="UsuariosAPI">UsuariosAPI</stat>
</suite>
</statistics>
<errors>
</errors>
</robot>
